The system is: Windows - 10.0.17763 - AMD64
Compiling the C compiler identification source file "CMakeCCompilerId.c" succeeded.
Compiler: C:/Program Files (x86)/Microsoft Visual Studio/2019/Community/VC/Tools/MSVC/14.23.28105/bin/Hostx64/x64/cl.exe 
Build flags: 
Id flags:  

The output was:
0
Microsoft (R) C/C++ Optimizing Compiler Version 19.23.28107 for x64
Copyright (C) Microsoft Corporation.  All rights reserved.

CMakeCCompilerId.c
Microsoft (R) Incremental Linker Version 14.23.28107.0
Copyright (C) Microsoft Corporation.  All rights reserved.

/out:CMakeCCompilerId.exe 
CMakeCCompilerId.obj 


Compilation of the C compiler identification source "CMakeCCompilerId.c" produced "CMakeCCompilerId.exe"

Compilation of the C compiler identification source "CMakeCCompilerId.c" produced "CMakeCCompilerId.obj"

The C compiler identification is MSVC, found in "C:/Users/Vision Station/Desktop/VsVisionThing/Vision2020/build/CMakeFiles/3.15.5/CompilerIdC/CMakeCCompilerId.exe"

Compiling the CXX compiler identification source file "CMakeCXXCompilerId.cpp" succeeded.
Compiler: C:/Program Files (x86)/Microsoft Visual Studio/2019/Community/VC/Tools/MSVC/14.23.28105/bin/Hostx64/x64/cl.exe 
Build flags: 
Id flags:  

The output was:
0
Microsoft (R) C/C++ Optimizing Compiler Version 19.23.28107 for x64
Copyright (C) Microsoft Corporation.  All rights reserved.

CMakeCXXCompilerId.cpp
Microsoft (R) Incremental Linker Version 14.23.28107.0
Copyright (C) Microsoft Corporation.  All rights reserved.

/out:CMakeCXXCompilerId.exe 
CMakeCXXCompilerId.obj 


Compilation of the CXX compiler identification source "CMakeCXXCompilerId.cpp" produced "CMakeCXXCompilerId.exe"

Compilation of the CXX compiler identification source "CMakeCXXCompilerId.cpp" produced "CMakeCXXCompilerId.obj"

The CXX compiler identification is MSVC, found in "C:/Users/Vision Station/Desktop/VsVisionThing/Vision2020/build/CMakeFiles/3.15.5/CompilerIdCXX/CMakeCXXCompilerId.exe"

Determining if the C compiler works passed with the following output:
Change Dir: C:/Users/Vision Station/Desktop/VsVisionThing/Vision2020/build/CMakeFiles/CMakeTmp

Run Build Command(s):C:/PROGRA~2/MICROS~1/2019/COMMUN~1/Common7/IDE/COMMON~1/MICROS~1/CMake/Ninja/ninja.exe cmTC_28f7b && [1/2] Building C object CMakeFiles\cmTC_28f7b.dir\testCCompiler.c.obj
[2/2] Linking C executable cmTC_28f7b.exe



Detecting C compiler ABI info compiled with the following output:
Change Dir: C:/Users/Vision Station/Desktop/VsVisionThing/Vision2020/build/CMakeFiles/CMakeTmp

Run Build Command(s):C:/PROGRA~2/MICROS~1/2019/COMMUN~1/Common7/IDE/COMMON~1/MICROS~1/CMake/Ninja/ninja.exe cmTC_55444 && [1/2] Building C object CMakeFiles\cmTC_55444.dir\CMakeCCompilerABI.c.obj
[2/2] Linking C executable cmTC_55444.exe



Determining if the CXX compiler works passed with the following output:
Change Dir: C:/Users/Vision Station/Desktop/VsVisionThing/Vision2020/build/CMakeFiles/CMakeTmp

Run Build Command(s):C:/PROGRA~2/MICROS~1/2019/COMMUN~1/Common7/IDE/COMMON~1/MICROS~1/CMake/Ninja/ninja.exe cmTC_06d43 && [1/2] Building CXX object CMakeFiles\cmTC_06d43.dir\testCXXCompiler.cxx.obj
[2/2] Linking CXX executable cmTC_06d43.exe



Detecting CXX compiler ABI info compiled with the following output:
Change Dir: C:/Users/Vision Station/Desktop/VsVisionThing/Vision2020/build/CMakeFiles/CMakeTmp

Run Build Command(s):C:/PROGRA~2/MICROS~1/2019/COMMUN~1/Common7/IDE/COMMON~1/MICROS~1/CMake/Ninja/ninja.exe cmTC_924b0 && [1/2] Building CXX object CMakeFiles\cmTC_924b0.dir\CMakeCXXCompilerABI.cpp.obj
[2/2] Linking CXX executable cmTC_924b0.exe



